[2026-05-08 08:47:50][INFO][Server.cpp:54]socket(fd=3) 已设置为非阻塞模式
[2026-05-08 08:47:50][INFO][EventLoop.cpp:25]epoll实例创建成功(epoll_fd=5)
[2026-05-08 08:47:50][INFO][EventLoop.cpp:50]fd=3 注册事件成功（事件类型：1)
[2026-05-08 08:47:50][INFO][Server.cpp:90]服务器初始化成功，监听 0.0.0.0:8080
[2026-05-08 08:47:50][INFO][EventLoop.cpp:69]事件循环启动，等待客户端连接
[2026-05-08 08:47:52][INFO][EventLoop.cpp:87]服务器正在关闭
[2026-05-08 08:47:52][INFO][Server.cpp:22]监听Socket已经关闭(fd=3)
[2026-05-08 10:35:09][INFO][Server.cpp:54]socket(fd=3) 已设置为非阻塞模式
[2026-05-08 10:35:09][INFO][EventLoop.cpp:26]epoll实例创建成功(epoll_fd=5)
[2026-05-08 10:35:09][INFO][EventLoop.cpp:51]fd=3 注册事件成功（事件类型：1)
[2026-05-08 10:35:09][INFO][Server.cpp:90]服务器初始化成功，监听 0.0.0.0:8080
[2026-05-08 10:35:09][INFO][ThreadPool.cpp:12]线程池启动，工作线程数：4
[2026-05-08 10:35:09][INFO][EventLoop.cpp:70]事件循环启动，等待客户端连接
[2026-05-08 10:35:17][INFO][EventLoop.cpp:88]服务器正在关闭
[2026-05-08 10:35:17][INFO][Server.cpp:22]监听Socket已经关闭(fd=3)
[2026-05-08 10:35:17][INFO][ThreadPool.cpp:26]线程池已经关闭
[2026-05-08 10:35:49][INFO][Server.cpp:54]socket(fd=3) 已设置为非阻塞模式
[2026-05-08 10:35:49][INFO][EventLoop.cpp:26]epoll实例创建成功(epoll_fd=5)
[2026-05-08 10:35:49][INFO][EventLoop.cpp:51]fd=3 注册事件成功（事件类型：1)
[2026-05-08 10:35:49][INFO][Server.cpp:90]服务器初始化成功，监听 0.0.0.0:8080
[2026-05-08 10:35:49][INFO][ThreadPool.cpp:12]线程池启动，工作线程数：4
[2026-05-08 10:35:49][INFO][EventLoop.cpp:70]事件循环启动，等待客户端连接
[2026-05-08 10:35:55][INFO][EventLoop.cpp:147]新连接 192.168.117.1:23569 (conn_fd=6)
[2026-05-08 10:35:55][INFO][EventLoop.cpp:51]fd=6 注册事件成功（事件类型：1)
[2026-05-08 10:35:55][INFO][HttpRequest.cpp:29]请求体内容: 
[2026-05-08 10:35:55][INFO][Connection.cpp:79]方法 GET 路径 /
[2026-05-08 10:35:55][INFO][EventLoop.cpp:147]新连接 192.168.117.1:31770 (conn_fd=7)
[2026-05-08 10:35:55][INFO][EventLoop.cpp:51]fd=7 注册事件成功（事件类型：1)
[2026-05-08 10:35:55][INFO][HttpRequest.cpp:29]请求体内容: 
[2026-05-08 10:35:55][INFO][Connection.cpp:79]方法 GET 路径 /style.css
[2026-05-08 10:36:10][INFO][EventLoop.cpp:83]fd=6 已超时断开连接
[2026-05-08 10:36:10][INFO][Connection.cpp:19]Connection对象销毁(fd=6)
[2026-05-08 10:36:10][INFO][EventLoop.cpp:64]fd=6 连接已关闭并从epoll删除
[2026-05-08 10:36:10][INFO][EventLoop.cpp:83]fd=7 已超时断开连接
[2026-05-08 10:36:10][INFO][Connection.cpp:19]Connection对象销毁(fd=7)
[2026-05-08 10:36:10][INFO][EventLoop.cpp:64]fd=7 连接已关闭并从epoll删除
[2026-05-08 10:38:28][INFO][EventLoop.cpp:88]服务器正在关闭
[2026-05-08 10:38:28][INFO][Server.cpp:22]监听Socket已经关闭(fd=3)
[2026-05-08 10:38:28][INFO][ThreadPool.cpp:26]线程池已经关闭
